mode: set
github.com/meln5674/gotoken/robot.go:21.88,23.25 2 0
github.com/meln5674/gotoken/robot.go:26.2,27.16 2 0
github.com/meln5674/gotoken/robot.go:30.2,31.16 2 0
github.com/meln5674/gotoken/robot.go:34.2,34.20 1 0
github.com/meln5674/gotoken/robot.go:37.2,38.24 2 0
github.com/meln5674/gotoken/robot.go:23.25,25.3 1 0
github.com/meln5674/gotoken/robot.go:27.16,29.3 1 0
github.com/meln5674/gotoken/robot.go:31.16,33.3 1 0
github.com/meln5674/gotoken/robot.go:34.20,36.3 1 0
github.com/meln5674/gotoken/robot.go:41.76,42.40 1 0
github.com/meln5674/gotoken/robot.go:45.2,45.47 1 0
github.com/meln5674/gotoken/robot.go:42.40,44.3 1 0
github.com/meln5674/gotoken/robot.go:49.96,50.11 1 0
github.com/meln5674/gotoken/robot.go:53.2,53.36 1 0
github.com/meln5674/gotoken/robot.go:50.11,52.3 1 0
github.com/meln5674/gotoken/robot.go:58.61,60.2 1 0
github.com/meln5674/gotoken/robot.go:62.60,64.31 2 0
github.com/meln5674/gotoken/robot.go:67.2,67.39 1 0
github.com/meln5674/gotoken/robot.go:64.31,66.3 1 0
github.com/meln5674/gotoken/robot.go:70.72,73.2 2 0
github.com/meln5674/gotoken/token.go:36.43,37.40 1 1
github.com/meln5674/gotoken/token.go:37.40,39.3 1 1
github.com/meln5674/gotoken/token.go:47.80,48.14 1 1
github.com/meln5674/gotoken/token.go:62.2,62.19 1 0
github.com/meln5674/gotoken/token.go:49.20,50.44 1 1
github.com/meln5674/gotoken/token.go:51.23,52.32 1 1
github.com/meln5674/gotoken/token.go:53.26,54.35 1 1
github.com/meln5674/gotoken/token.go:55.30,56.39 1 1
github.com/meln5674/gotoken/token.go:57.25,58.50 1 0
github.com/meln5674/gotoken/token.go:59.35,60.77 1 0
github.com/meln5674/gotoken/token.go:65.35,66.40 1 1
github.com/meln5674/gotoken/token.go:66.40,69.36 3 1
github.com/meln5674/gotoken/token.go:72.3,72.39 1 1
github.com/meln5674/gotoken/token.go:69.36,71.4 1 1
github.com/meln5674/gotoken/token.go:76.38,77.40 1 1
github.com/meln5674/gotoken/token.go:77.40,80.3 2 1
github.com/meln5674/gotoken/token.go:83.42,84.40 1 1
github.com/meln5674/gotoken/token.go:84.40,87.3 2 1
github.com/meln5674/gotoken/token.go:90.60,91.40 1 0
github.com/meln5674/gotoken/token.go:91.40,93.17 2 0
github.com/meln5674/gotoken/token.go:96.3,96.10 1 0
github.com/meln5674/gotoken/token.go:99.3,100.10 2 0
github.com/meln5674/gotoken/token.go:103.3,103.25 1 0
github.com/meln5674/gotoken/token.go:93.17,95.4 1 0
github.com/meln5674/gotoken/token.go:96.10,98.4 1 0
github.com/meln5674/gotoken/token.go:100.10,102.4 1 0
github.com/meln5674/gotoken/token.go:107.83,108.40 1 0
github.com/meln5674/gotoken/token.go:108.40,110.17 2 0
github.com/meln5674/gotoken/token.go:113.3,113.10 1 0
github.com/meln5674/gotoken/token.go:116.3,117.10 2 0
github.com/meln5674/gotoken/token.go:120.3,120.25 1 0
github.com/meln5674/gotoken/token.go:110.17,112.4 1 0
github.com/meln5674/gotoken/token.go:113.10,115.4 1 0
github.com/meln5674/gotoken/token.go:117.10,119.4 1 0
